<?xml version="1.0" encoding="UTF-8"?>
<!-- Generated by org.testng.reporters.JUnitXMLReporter -->
<testsuite ignored="0" hostname="NDI-LAP-272" failures="0" tests="3" name="Test" time="21.845" errors="0" timestamp="02 Aug 2022 11:58:34 GMT">
  <testcase classname="com.saucedemo.testCases.TC_LoginTest_01" name="loginTest" time="1.78"/>
  <testcase classname="com.saucedemo.testCases.TC_MakeApointmentPage_02" name="makeApointmentPageTest" time="2.923"/>
  <testcase classname="com.saucedemo.testCases.TC_HistoryPage_03" name="historyPageTest" time="3.261"/>
</testsuite> <!-- Test -->
