<?xml version="1.0" encoding="UTF-8"?>
<!-- Generated by org.testng.reporters.JUnitXMLReporter -->
<testsuite ignored="0" hostname="NDI-LAP-272" failures="1" tests="3" name="Test" time="21.766" errors="0" timestamp="01 Aug 2022 11:25:12 GMT">
  <testcase classname="com.saucedemo.testCases.TC_LoginTest_01" name="loginTest" time="1.969">
    <failure type="java.lang.AssertionError" message="expected [true] but found [false]">
      <![CDATA[java.lang.AssertionError: expected [true] but found [false]
at com.saucedemo.testCases.TC_LoginTest_01.loginTest(TC_LoginTest_01.java:36)
... Removed 29 stack frames]]>
    </failure>
  </testcase> <!-- loginTest -->
  <testcase classname="com.saucedemo.testCases.TC_MakeApointmentPage_02" name="makeApointmentPageTest" time="2.987"/>
  <testcase classname="com.saucedemo.testCases.TC_HistoryPage_03" name="historyPageTest" time="3.609"/>
</testsuite> <!-- Test -->
