<?xml version="1.0" encoding="UTF-8"?>
<testng-results ignored="0" total="1" passed="1" failed="0" skipped="0">
  <reporter-output>
  </reporter-output>
  <suite started-at="2022-08-03T12:40:06Z" name="Default suite" finished-at="2022-08-03T12:40:13Z" duration-ms="6975">
    <groups>
    </groups>
    <test started-at="2022-08-03T12:40:06Z" name="Default test" finished-at="2022-08-03T12:40:13Z" duration-ms="6975">
      <class name="com.saucedemo.testCases.TC_HistoryPage2_04">
        <test-method is-config="true" signature="setUp()[pri:0, instance:com.saucedemo.testCases.TC_HistoryPage2_04@609db546]" started-at="2022-08-03T12:40:06Z" name="setUp" finished-at="2022-08-03T12:40:10Z" duration-ms="3552" status="PASS">
          <reporter-output>
          </reporter-output>
        </test-method> <!-- setUp -->
        <test-method signature="historyPageTest()[pri:0, instance:com.saucedemo.testCases.TC_HistoryPage2_04@609db546]" started-at="2022-08-03T12:40:10Z" name="historyPageTest" finished-at="2022-08-03T12:40:13Z" duration-ms="3283" status="PASS">
          <reporter-output>
          </reporter-output>
        </test-method> <!-- historyPageTest -->
        <test-method is-config="true" signature="tearDown()[pri:0, instance:com.saucedemo.testCases.TC_HistoryPage2_04@609db546]" started-at="2022-08-03T12:40:13Z" name="tearDown" finished-at="2022-08-03T12:40:13Z" duration-ms="125" status="PASS">
          <reporter-output>
          </reporter-output>
        </test-method> <!-- tearDown -->
      </class> <!-- com.saucedemo.testCases.TC_HistoryPage2_04 -->
    </test> <!-- Default test -->
  </suite> <!-- Default suite -->
</testng-results>
